<?xml version="1.0" encoding="UTF-8"?>
<testng-results skipped="0" failed="0" total="1" passed="1">
  <reporter-output>
  </reporter-output>
  <suite name="Default suite" duration-ms="33717" started-at="2019-10-11T12:14:39Z" finished-at="2019-10-11T12:15:13Z">
    <groups>
    </groups>
    <test name="Default test" duration-ms="33717" started-at="2019-10-11T12:14:39Z" finished-at="2019-10-11T12:15:13Z">
      <class name="PHPTravels.Loginpage">
        <test-method status="PASS" signature="method()[pri:0, instance:PHPTravels.Loginpage@58651fd0]" name="method" duration-ms="33664" started-at="2019-10-11T17:44:39Z" finished-at="2019-10-11T17:45:13Z">
          <reporter-output>
          </reporter-output>
        </test-method> <!-- method -->
      </class> <!-- PHPTravels.Loginpage -->
    </test> <!-- Default test -->
  </suite> <!-- Default suite -->
</testng-results>
